# JRE version: OpenJDK Runtime Environment Temurin-21.0.10+7 (21.0.10+7) (build 21.0.10+7-LTS)
# Java VM: OpenJDK 64-Bit Server VM Temurin-21.0.10+7 (21.0.10+7-LTS, mixed mode, sharing, tiered, compressed oops, compressed class ptrs, parallel gc, windows-amd64)
GC Precious Log:
 CardTable entry size: 512
 CPUs: 8 total, 8 available
 Memory: 7413M
 Large Page Support: Disabled
 NUMA Support: Disabled
 Compressed Oops: Enabled (32-bit)
 Alignments: Space 512K, Generation 512K, Heap 2M
 Heap Min Capacity: 100M
 Heap Initial Capacity: 100M
 Heap Max Capacity: 2G
 Pre-touch: Disabled
 Parallel Workers: 8
Heap:
 PSYoungGen      total 2048K, used 365K [0x00000000d5580000, 0x00000000d5900000, 0x0000000100000000)
  eden space 1536K, 11% used [0x00000000d5580000,0x00000000d55acb70,0x00000000d5700000)
  from space 512K, 37% used [0x00000000d5880000,0x00000000d58b0000,0x00000000d5900000)
  to   space 512K, 0% used [0x00000000d5800000,0x00000000d5800000,0x00000000d5880000)
 ParOldGen       total 455168K, used 455009K [0x0000000080000000, 0x000000009bc80000, 0x00000000d5580000)
  object space 455168K, 99% used [0x0000000080000000,0x000000009bc58470,0x000000009bc80000)
 Metaspace       used 78182K, committed 79936K, reserved 1179648K
  class space    used 8263K, committed 9024K, reserved 1048576K
GC Heap History (20 events):
Event: 195.236 GC heap before
{Heap before GC invocations=329 (full 3):
 PSYoungGen      total 1536K, used 1206K [0x00000000d5580000, 0x00000000d5900000, 0x0000000100000000)
  eden space 1024K, 92% used [0x00000000d5580000,0x00000000d566d928,0x00000000d5680000)
  from space 512K, 50% used [0x00000000d5800000,0x00000000d5840000,0x00000000d5880000)
  to   space 512K, 0% used [0x00000000d5880000,0x00000000d5880000,0x00000000d5900000)
 ParOldGen       total 451584K, used 451408K [0x0000000080000000, 0x000000009b900000, 0x00000000d5580000)
  object space 451584K, 99% used [0x0000000080000000,0x000000009b8d4088,0x000000009b900000)
 Metaspace       used 77886K, committed 79616K, reserved 1179648K
  class space    used 8225K, committed 9024K, reserved 1048576K
}
Event: 195.238 GC heap after
{Heap after GC invocations=329 (full 3):
 PSYoungGen      total 1536K, used 368K [0x00000000d5580000, 0x00000000d5900000, 0x0000000100000000)
  eden space 1024K, 0% used [0x00000000d5580000,0x00000000d5580000,0x00000000d5680000)
  from space 512K, 71% used [0x00000000d5880000,0x00000000d58dc040,0x00000000d5900000)
  to   space 512K, 0% used [0x00000000d5800000,0x00000000d5800000,0x00000000d5880000)
 ParOldGen       total 451584K, used 451568K [0x0000000080000000, 0x000000009b900000, 0x00000000d5580000)
  object space 451584K, 99% used [0x0000000080000000,0x000000009b8fc088,0x000000009b900000)
 Metaspace       used 77886K, committed 79616K, reserved 1179648K
  class space    used 8225K, committed 9024K, reserved 1048576K
}
Event: 195.238 GC heap before
{Heap before GC invocations=330 (full 3):
 PSYoungGen      total 1536K, used 1232K [0x00000000d5580000, 0x00000000d5900000, 0x0000000100000000)
  eden space 1024K, 84% used [0x00000000d5580000,0x00000000d56582e0,0x00000000d5680000)
  from space 512K, 71% used [0x00000000d5880000,0x00000000d58dc040,0x00000000d5900000)
  to   space 512K, 0% used [0x00000000d5800000,0x00000000d5800000,0x00000000d5880000)
 ParOldGen       total 451584K, used 451568K [0x0000000080000000, 0x000000009b900000, 0x00000000d5580000)
  object space 451584K, 99% used [0x0000000080000000,0x000000009b8fc088,0x000000009b900000)
 Metaspace       used 77886K, committed 79616K, reserved 1179648K
  class space    used 8225K, committed 9024K, reserved 1048576K
}
Event: 195.240 GC heap after
{Heap after GC invocations=330 (full 3):
 PSYoungGen      total 2048K, used 503K [0x00000000d5580000, 0x00000000d5a00000, 0x0000000100000000)
  eden space 1536K, 0% used [0x00000000d5580000,0x00000000d5580000,0x00000000d5700000)
  from space 512K, 98% used [0x00000000d5800000,0x00000000d587dcd8,0x00000000d5880000)
  to   space 1536K, 0% used [0x00000000d5880000,0x00000000d5880000,0x00000000d5a00000)
 ParOldGen       total 452608K, used 452348K [0x0000000080000000, 0x000000009ba00000, 0x00000000d5580000)
  object space 452608K, 99% used [0x0000000080000000,0x000000009b9bf3f8,0x000000009ba00000)
 Metaspace       used 77886K, committed 79616K, reserved 1179648K
  class space    used 8225K, committed 9024K, reserved 1048576K
}
Event: 195.246 GC heap before
{Heap before GC invocations=331 (full 3):
 PSYoungGen      total 2048K, used 2039K [0x00000000d5580000, 0x00000000d5a00000, 0x0000000100000000)
  eden space 1536K, 100% used [0x00000000d5580000,0x00000000d5700000,0x00000000d5700000)
  from space 512K, 98% used [0x00000000d5800000,0x00000000d587dcd8,0x00000000d5880000)
  to   space 1536K, 0% used [0x00000000d5880000,0x00000000d5880000,0x00000000d5a00000)
 ParOldGen       total 452608K, used 452348K [0x0000000080000000, 0x000000009ba00000, 0x00000000d5580000)
  object space 452608K, 99% used [0x0000000080000000,0x000000009b9bf3f8,0x000000009ba00000)
 Metaspace       used 77888K, committed 79616K, reserved 1179648K
  class space    used 8225K, committed 9024K, reserved 1048576K
}
Event: 195.249 GC heap after
{Heap after GC invocations=331 (full 3):
 PSYoungGen      total 3072K, used 956K [0x00000000d5580000, 0x00000000d5a80000, 0x0000000100000000)
  eden space 1536K, 0% used [0x00000000d5580000,0x00000000d5580000,0x00000000d5700000)
  from space 1536K, 62% used [0x00000000d5880000,0x00000000d596f2c8,0x00000000d5a00000)
  to   space 1536K, 0% used [0x00000000d5700000,0x00000000d5700000,0x00000000d5880000)
 ParOldGen       total 453120K, used 452812K [0x0000000080000000, 0x000000009ba80000, 0x00000000d5580000)
  object space 453120K, 99% used [0x0000000080000000,0x000000009ba330d0,0x000000009ba80000)
 Metaspace       used 77888K, committed 79616K, reserved 1179648K
  class space    used 8225K, committed 9024K, reserved 1048576K
}
Event: 195.281 GC heap before
{Heap before GC invocations=332 (full 3):
 PSYoungGen      total 3072K, used 2492K [0x00000000d5580000, 0x00000000d5a80000, 0x0000000100000000)
  eden space 1536K, 99% used [0x00000000d5580000,0x00000000d56ffff0,0x00000000d5700000)
  from space 1536K, 62% used [0x00000000d5880000,0x00000000d596f2c8,0x00000000d5a00000)
  to   space 1536K, 0% used [0x00000000d5700000,0x00000000d5700000,0x00000000d5880000)
 ParOldGen       total 453120K, used 452812K [0x0000000080000000, 0x000000009ba80000, 0x00000000d5580000)
  object space 453120K, 99% used [0x0000000080000000,0x000000009ba330d0,0x000000009ba80000)
 Metaspace       used 77975K, committed 79680K, reserved 1179648K
  class space    used 8235K, committed 9024K, reserved 1048576K
}
Event: 195.284 GC heap after
{Heap after GC invocations=332 (full 3):
 PSYoungGen      total 3072K, used 192K [0x00000000d5580000, 0x00000000d5900000, 0x0000000100000000)
  eden space 1536K, 0% used [0x00000000d5580000,0x00000000d5580000,0x00000000d5700000)
  from space 1536K, 12% used [0x00000000d5700000,0x00000000d5730000,0x00000000d5880000)
  to   space 512K, 0% used [0x00000000d5880000,0x00000000d5880000,0x00000000d5900000)
 ParOldGen       total 453120K, used 453075K [0x0000000080000000, 0x000000009ba80000, 0x00000000d5580000)
  object space 453120K, 99% used [0x0000000080000000,0x000000009ba74d90,0x000000009ba80000)
 Metaspace       used 77975K, committed 79680K, reserved 1179648K
  class space    used 8235K, committed 9024K, reserved 1048576K
}
Event: 195.925 GC heap before
{Heap before GC invocations=333 (full 3):
 PSYoungGen      total 3072K, used 1728K [0x00000000d5580000, 0x00000000d5900000, 0x0000000100000000)
  eden space 1536K, 100% used [0x00000000d5580000,0x00000000d5700000,0x00000000d5700000)
  from space 1536K, 12% used [0x00000000d5700000,0x00000000d5730000,0x00000000d5880000)
  to   space 512K, 0% used [0x00000000d5880000,0x00000000d5880000,0x00000000d5900000)
 ParOldGen       total 453120K, used 453075K [0x0000000080000000, 0x000000009ba80000, 0x00000000d5580000)
  object space 453120K, 99% used [0x0000000080000000,0x000000009ba74d90,0x000000009ba80000)
 Metaspace       used 78086K, committed 79872K, reserved 1179648K
  class space    used 8254K, committed 9024K, reserved 1048576K
}
Event: 195.927 GC heap after
{Heap after GC invocations=333 (full 3):
 PSYoungGen      total 2048K, used 272K [0x00000000d5580000, 0x00000000d5900000, 0x0000000100000000)
  eden space 1536K, 0% used [0x00000000d5580000,0x00000000d5580000,0x00000000d5700000)
  from space 512K, 53% used [0x00000000d5880000,0x00000000d58c4010,0x00000000d5900000)
  to   space 512K, 0% used [0x00000000d5800000,0x00000000d5800000,0x00000000d5880000)
 ParOldGen       total 453632K, used 453211K [0x0000000080000000, 0x000000009bb00000, 0x00000000d5580000)
  object space 453632K, 99% used [0x0000000080000000,0x000000009ba96d90,0x000000009bb00000)
 Metaspace       used 78086K, committed 79872K, reserved 1179648K
  class space    used 8254K, committed 9024K, reserved 1048576K
}
Event: 197.274 GC heap before
{Heap before GC invocations=334 (full 3):
 PSYoungGen      total 2048K, used 1782K [0x00000000d5580000, 0x00000000d5900000, 0x0000000100000000)
  eden space 1536K, 98% used [0x00000000d5580000,0x00000000d56f98b0,0x00000000d5700000)
  from space 512K, 53% used [0x00000000d5880000,0x00000000d58c4010,0x00000000d5900000)
  to   space 512K, 0% used [0x00000000d5800000,0x00000000d5800000,0x00000000d5880000)
 ParOldGen       total 453632K, used 453211K [0x0000000080000000, 0x000000009bb00000, 0x00000000d5580000)
  object space 453632K, 99% used [0x0000000080000000,0x000000009ba96d90,0x000000009bb00000)
 Metaspace       used 78161K, committed 79936K, reserved 1179648K
  class space    used 8263K, committed 9024K, reserved 1048576K
}
Event: 197.276 GC heap after
{Heap after GC invocations=334 (full 3):
 PSYoungGen      total 2048K, used 320K [0x00000000d5580000, 0x00000000d5900000, 0x0000000100000000)
  eden space 1536K, 0% used [0x00000000d5580000,0x00000000d5580000,0x00000000d5700000)
  from space 512K, 62% used [0x00000000d5800000,0x00000000d5850038,0x00000000d5880000)
  to   space 512K, 0% used [0x00000000d5880000,0x00000000d5880000,0x00000000d5900000)
 ParOldGen       total 453632K, used 453291K [0x0000000080000000, 0x000000009bb00000, 0x00000000d5580000)
  object space 453632K, 99% used [0x0000000080000000,0x000000009baaadc0,0x000000009bb00000)
 Metaspace       used 78161K, committed 79936K, reserved 1179648K
  class space    used 8263K, committed 9024K, reserved 1048576K
}
Event: 197.284 GC heap before
{Heap before GC invocations=335 (full 3):
 PSYoungGen      total 2048K, used 1856K [0x00000000d5580000, 0x00000000d5900000, 0x0000000100000000)
  eden space 1536K, 100% used [0x00000000d5580000,0x00000000d5700000,0x00000000d5700000)
  from space 512K, 62% used [0x00000000d5800000,0x00000000d5850038,0x00000000d5880000)
  to   space 512K, 0% used [0x00000000d5880000,0x00000000d5880000,0x00000000d5900000)
 ParOldGen       total 453632K, used 453291K [0x0000000080000000, 0x000000009bb00000, 0x00000000d5580000)
  object space 453632K, 99% used [0x0000000080000000,0x000000009baaadc0,0x000000009bb00000)
 Metaspace       used 78163K, committed 79936K, reserved 1179648K
  class space    used 8263K, committed 9024K, reserved 1048576K
}
Event: 197.286 GC heap after
{Heap after GC invocations=335 (full 3):
 PSYoungGen      total 2048K, used 458K [0x00000000d5580000, 0x00000000d5900000, 0x0000000100000000)
  eden space 1536K, 0% used [0x00000000d5580000,0x00000000d5580000,0x00000000d5700000)
  from space 512K, 89% used [0x00000000d5880000,0x00000000d58f2910,0x00000000d5900000)
  to   space 512K, 0% used [0x00000000d5800000,0x00000000d5800000,0x00000000d5880000)
 ParOldGen       total 453632K, used 453443K [0x0000000080000000, 0x000000009bb00000, 0x00000000d5580000)
  object space 453632K, 99% used [0x0000000080000000,0x000000009bad0e30,0x000000009bb00000)
 Metaspace       used 78163K, committed 79936K, reserved 1179648K
  class space    used 8263K, committed 9024K, reserved 1048576K
}
Event: 197.299 GC heap before
{Heap before GC invocations=336 (full 3):
 PSYoungGen      total 2048K, used 1994K [0x00000000d5580000, 0x00000000d5900000, 0x0000000100000000)
  eden space 1536K, 100% used [0x00000000d5580000,0x00000000d5700000,0x00000000d5700000)
  from space 512K, 89% used [0x00000000d5880000,0x00000000d58f2910,0x00000000d5900000)
  to   space 512K, 0% used [0x00000000d5800000,0x00000000d5800000,0x00000000d5880000)
 ParOldGen       total 453632K, used 453443K [0x0000000080000000, 0x000000009bb00000, 0x00000000d5580000)
  object space 453632K, 99% used [0x0000000080000000,0x000000009bad0e30,0x000000009bb00000)
 Metaspace       used 78163K, committed 79936K, reserved 1179648K
  class space    used 8263K, committed 9024K, reserved 1048576K
}
Event: 197.301 GC heap after
{Heap after GC invocations=336 (full 3):
 PSYoungGen      total 2048K, used 352K [0x00000000d5580000, 0x00000000d5900000, 0x0000000100000000)
  eden space 1536K, 0% used [0x00000000d5580000,0x00000000d5580000,0x00000000d5700000)
  from space 512K, 68% used [0x00000000d5800000,0x00000000d5858000,0x00000000d5880000)
  to   space 512K, 0% used [0x00000000d5880000,0x00000000d5880000,0x00000000d5900000)
 ParOldGen       total 454144K, used 453824K [0x0000000080000000, 0x000000009bb80000, 0x00000000d5580000)
  object space 454144K, 99% used [0x0000000080000000,0x000000009bb30040,0x000000009bb80000)
 Metaspace       used 78163K, committed 79936K, reserved 1179648K
  class space    used 8263K, committed 9024K, reserved 1048576K
}
Event: 197.639 GC heap before
{Heap before GC invocations=337 (full 3):
 PSYoungGen      total 2048K, used 1888K [0x00000000d5580000, 0x00000000d5900000, 0x0000000100000000)
  eden space 1536K, 100% used [0x00000000d5580000,0x00000000d5700000,0x00000000d5700000)
  from space 512K, 68% used [0x00000000d5800000,0x00000000d5858000,0x00000000d5880000)
  to   space 512K, 0% used [0x00000000d5880000,0x00000000d5880000,0x00000000d5900000)
 ParOldGen       total 454144K, used 453824K [0x0000000080000000, 0x000000009bb80000, 0x00000000d5580000)
  object space 454144K, 99% used [0x0000000080000000,0x000000009bb30040,0x000000009bb80000)
 Metaspace       used 78167K, committed 79936K, reserved 1179648K
  class space    used 8263K, committed 9024K, reserved 1048576K
}
Event: 197.641 GC heap after
{Heap after GC invocations=337 (full 3):
 PSYoungGen      total 2048K, used 432K [0x00000000d5580000, 0x00000000d5900000, 0x0000000100000000)
  eden space 1536K, 0% used [0x00000000d5580000,0x00000000d5580000,0x00000000d5700000)
  from space 512K, 84% used [0x00000000d5880000,0x00000000d58ec030,0x00000000d5900000)
  to   space 512K, 0% used [0x00000000d5800000,0x00000000d5800000,0x00000000d5880000)
 ParOldGen       total 454144K, used 454088K [0x0000000080000000, 0x000000009bb80000, 0x00000000d5580000)
  object space 454144K, 99% used [0x0000000080000000,0x000000009bb72040,0x000000009bb80000)
 Metaspace       used 78167K, committed 79936K, reserved 1179648K
  class space    used 8263K, committed 9024K, reserved 1048576K
}
Event: 197.648 GC heap before
{Heap before GC invocations=338 (full 3):
 PSYoungGen      total 2048K, used 1968K [0x00000000d5580000, 0x00000000d5900000, 0x0000000100000000)
  eden space 1536K, 100% used [0x00000000d5580000,0x00000000d5700000,0x00000000d5700000)
  from space 512K, 84% used [0x00000000d5880000,0x00000000d58ec030,0x00000000d5900000)
  to   space 512K, 0% used [0x00000000d5800000,0x00000000d5800000,0x00000000d5880000)
 ParOldGen       total 454144K, used 454088K [0x0000000080000000, 0x000000009bb80000, 0x00000000d5580000)
  object space 454144K, 99% used [0x0000000080000000,0x000000009bb72040,0x000000009bb80000)
 Metaspace       used 78167K, committed 79936K, reserved 1179648K
  class space    used 8263K, committed 9024K, reserved 1048576K
}
Event: 197.652 GC heap after
{Heap after GC invocations=338 (full 3):
 PSYoungGen      total 2048K, used 384K [0x00000000d5580000, 0x00000000d5900000, 0x0000000100000000)
  eden space 1536K, 0% used [0x00000000d5580000,0x00000000d5580000,0x00000000d5700000)
  from space 512K, 75% used [0x00000000d5800000,0x00000000d5860000,0x00000000d5880000)
  to   space 512K, 0% used [0x00000000d5880000,0x00000000d5880000,0x00000000d5900000)
 ParOldGen       total 454656K, used 454364K [0x0000000080000000, 0x000000009bc00000, 0x00000000d5580000)
  object space 454656K, 99% used [0x0000000080000000,0x000000009bbb7270,0x000000009bc00000)
 Metaspace       used 78167K, committed 79936K, reserved 1179648K
  class space    used 8263K, committed 9024K, reserved 1048576K
}

