# JRE version: OpenJDK Runtime Environment Temurin-21.0.10+7 (21.0.10+7) (build 21.0.10+7-LTS)
# Java VM: OpenJDK 64-Bit Server VM Temurin-21.0.10+7 (21.0.10+7-LTS, mixed mode, sharing, tiered, compressed oops, compressed class ptrs, parallel gc, windows-amd64)
GC Precious Log:
 CardTable entry size: 512
 CPUs: 8 total, 8 available
 Memory: 7413M
 Large Page Support: Disabled
 NUMA Support: Disabled
 Compressed Oops: Enabled (32-bit)
 Alignments: Space 512K, Generation 512K, Heap 2M
 Heap Min Capacity: 100M
 Heap Initial Capacity: 100M
 Heap Max Capacity: 2G
 Pre-touch: Disabled
 Parallel Workers: 8
Heap:
 PSYoungGen      total 6656K, used 6536K [0x00000000d5580000, 0x00000000d6380000, 0x0000000100000000)
  eden space 5632K, 99% used [0x00000000d5580000,0x00000000d5afb7d8,0x00000000d5b00000)
  from space 1024K, 90% used [0x00000000d6280000,0x00000000d6366900,0x00000000d6380000)
  to   space 1536K, 0% used [0x00000000d6080000,0x00000000d6080000,0x00000000d6200000)
 ParOldGen       total 251904K, used 251628K [0x0000000080000000, 0x000000008f600000, 0x00000000d5580000)
  object space 251904K, 99% used [0x0000000080000000,0x000000008f5bb348,0x000000008f600000)
 Metaspace       used 76584K, committed 78272K, reserved 1179648K
  class space    used 8165K, committed 8960K, reserved 1048576K
GC Heap History (20 events):
Event: 60.595 GC heap before
{Heap before GC invocations=111 (full 3):
 PSYoungGen      total 9728K, used 9556K [0x00000000d5580000, 0x00000000d6680000, 0x0000000100000000)
  eden space 5632K, 100% used [0x00000000d5580000,0x00000000d5b00000,0x00000000d5b00000)
  from space 4096K, 95% used [0x00000000d6000000,0x00000000d63d5200,0x00000000d6400000)
  to   space 2560K, 0% used [0x00000000d6400000,0x00000000d6400000,0x00000000d6680000)
 ParOldGen       total 242176K, used 241788K [0x0000000080000000, 0x000000008ec80000, 0x00000000d5580000)
  object space 242176K, 99% used [0x0000000080000000,0x000000008ec1f3c0,0x000000008ec80000)
 Metaspace       used 73838K, committed 75392K, reserved 1179648K
  class space    used 7836K, committed 8512K, reserved 1048576K
}
Event: 60.602 GC heap after
{Heap after GC invocations=111 (full 3):
 PSYoungGen      total 7680K, used 1824K [0x00000000d5580000, 0x00000000d6600000, 0x0000000100000000)
  eden space 5632K, 0% used [0x00000000d5580000,0x00000000d5580000,0x00000000d5b00000)
  from space 2048K, 89% used [0x00000000d6400000,0x00000000d65c8000,0x00000000d6600000)
  to   space 3072K, 0% used [0x00000000d6000000,0x00000000d6000000,0x00000000d6300000)
 ParOldGen       total 245760K, used 245593K [0x0000000080000000, 0x000000008f000000, 0x00000000d5580000)
  object space 245760K, 99% used [0x0000000080000000,0x000000008efd65c0,0x000000008f000000)
 Metaspace       used 73838K, committed 75392K, reserved 1179648K
  class space    used 7836K, committed 8512K, reserved 1048576K
}
Event: 60.664 GC heap before
{Heap before GC invocations=112 (full 3):
 PSYoungGen      total 7680K, used 7456K [0x00000000d5580000, 0x00000000d6600000, 0x0000000100000000)
  eden space 5632K, 100% used [0x00000000d5580000,0x00000000d5b00000,0x00000000d5b00000)
  from space 2048K, 89% used [0x00000000d6400000,0x00000000d65c8000,0x00000000d6600000)
  to   space 3072K, 0% used [0x00000000d6000000,0x00000000d6000000,0x00000000d6300000)
 ParOldGen       total 245760K, used 245593K [0x0000000080000000, 0x000000008f000000, 0x00000000d5580000)
  object space 245760K, 99% used [0x0000000080000000,0x000000008efd65c0,0x000000008f000000)
 Metaspace       used 73838K, committed 75392K, reserved 1179648K
  class space    used 7836K, committed 8512K, reserved 1048576K
}
Event: 60.670 GC heap after
{Heap after GC invocations=112 (full 3):
 PSYoungGen      total 8704K, used 2800K [0x00000000d5580000, 0x00000000d6480000, 0x0000000100000000)
  eden space 5632K, 0% used [0x00000000d5580000,0x00000000d5580000,0x00000000d5b00000)
  from space 3072K, 91% used [0x00000000d6000000,0x00000000d62bc000,0x00000000d6300000)
  to   space 1536K, 0% used [0x00000000d6300000,0x00000000d6300000,0x00000000d6480000)
 ParOldGen       total 247808K, used 247297K [0x0000000080000000, 0x000000008f200000, 0x00000000d5580000)
  object space 247808K, 99% used [0x0000000080000000,0x000000008f1805c0,0x000000008f200000)
 Metaspace       used 73838K, committed 75392K, reserved 1179648K
  class space    used 7836K, committed 8512K, reserved 1048576K
}
Event: 61.213 GC heap before
{Heap before GC invocations=113 (full 3):
 PSYoungGen      total 8704K, used 8368K [0x00000000d5580000, 0x00000000d6480000, 0x0000000100000000)
  eden space 5632K, 98% used [0x00000000d5580000,0x00000000d5af0050,0x00000000d5b00000)
  from space 3072K, 91% used [0x00000000d6000000,0x00000000d62bc000,0x00000000d6300000)
  to   space 1536K, 0% used [0x00000000d6300000,0x00000000d6300000,0x00000000d6480000)
 ParOldGen       total 247808K, used 247297K [0x0000000080000000, 0x000000008f200000, 0x00000000d5580000)
  object space 247808K, 99% used [0x0000000080000000,0x000000008f1805c0,0x000000008f200000)
 Metaspace       used 73928K, committed 75520K, reserved 1179648K
  class space    used 7844K, committed 8512K, reserved 1048576K
}
Event: 61.218 GC heap after
{Heap after GC invocations=113 (full 3):
 PSYoungGen      total 6144K, used 352K [0x00000000d5580000, 0x00000000d6380000, 0x0000000100000000)
  eden space 5632K, 0% used [0x00000000d5580000,0x00000000d5580000,0x00000000d5b00000)
  from space 512K, 68% used [0x00000000d6300000,0x00000000d6358000,0x00000000d6380000)
  to   space 1536K, 0% used [0x00000000d6080000,0x00000000d6080000,0x00000000d6200000)
 ParOldGen       total 250368K, used 249953K [0x0000000080000000, 0x000000008f480000, 0x00000000d5580000)
  object space 250368K, 99% used [0x0000000080000000,0x000000008f4185c0,0x000000008f480000)
 Metaspace       used 73928K, committed 75520K, reserved 1179648K
  class space    used 7844K, committed 8512K, reserved 1048576K
}
Event: 61.998 GC heap before
{Heap before GC invocations=114 (full 3):
 PSYoungGen      total 6144K, used 5984K [0x00000000d5580000, 0x00000000d6380000, 0x0000000100000000)
  eden space 5632K, 100% used [0x00000000d5580000,0x00000000d5b00000,0x00000000d5b00000)
  from space 512K, 68% used [0x00000000d6300000,0x00000000d6358000,0x00000000d6380000)
  to   space 1536K, 0% used [0x00000000d6080000,0x00000000d6080000,0x00000000d6200000)
 ParOldGen       total 250368K, used 249953K [0x0000000080000000, 0x000000008f480000, 0x00000000d5580000)
  object space 250368K, 99% used [0x0000000080000000,0x000000008f4185c0,0x000000008f480000)
 Metaspace       used 74779K, committed 76480K, reserved 1179648K
  class space    used 7940K, committed 8704K, reserved 1048576K
}
Event: 61.999 GC heap after
{Heap after GC invocations=114 (full 3):
 PSYoungGen      total 7168K, used 345K [0x00000000d5580000, 0x00000000d6380000, 0x0000000100000000)
  eden space 5632K, 0% used [0x00000000d5580000,0x00000000d5580000,0x00000000d5b00000)
  from space 1536K, 22% used [0x00000000d6080000,0x00000000d60d65d8,0x00000000d6200000)
  to   space 512K, 0% used [0x00000000d6300000,0x00000000d6300000,0x00000000d6380000)
 ParOldGen       total 250368K, used 250161K [0x0000000080000000, 0x000000008f480000, 0x00000000d5580000)
  object space 250368K, 99% used [0x0000000080000000,0x000000008f44c5c0,0x000000008f480000)
 Metaspace       used 74779K, committed 76480K, reserved 1179648K
  class space    used 7940K, committed 8704K, reserved 1048576K
}
Event: 62.322 GC heap before
{Heap before GC invocations=115 (full 3):
 PSYoungGen      total 7168K, used 5977K [0x00000000d5580000, 0x00000000d6380000, 0x0000000100000000)
  eden space 5632K, 99% used [0x00000000d5580000,0x00000000d5affff0,0x00000000d5b00000)
  from space 1536K, 22% used [0x00000000d6080000,0x00000000d60d65d8,0x00000000d6200000)
  to   space 512K, 0% used [0x00000000d6300000,0x00000000d6300000,0x00000000d6380000)
 ParOldGen       total 250368K, used 250161K [0x0000000080000000, 0x000000008f480000, 0x00000000d5580000)
  object space 250368K, 99% used [0x0000000080000000,0x000000008f44c5c0,0x000000008f480000)
 Metaspace       used 75285K, committed 76992K, reserved 1179648K
  class space    used 8012K, committed 8768K, reserved 1048576K
}
Event: 62.324 GC heap after
{Heap after GC invocations=115 (full 3):
 PSYoungGen      total 6144K, used 474K [0x00000000d5580000, 0x00000000d6380000, 0x0000000100000000)
  eden space 5632K, 0% used [0x00000000d5580000,0x00000000d5580000,0x00000000d5b00000)
  from space 512K, 92% used [0x00000000d6300000,0x00000000d6376900,0x00000000d6380000)
  to   space 512K, 0% used [0x00000000d6280000,0x00000000d6280000,0x00000000d6300000)
 ParOldGen       total 250880K, used 250421K [0x0000000080000000, 0x000000008f500000, 0x00000000d5580000)
  object space 250880K, 99% used [0x0000000080000000,0x000000008f48d610,0x000000008f500000)
 Metaspace       used 75285K, committed 76992K, reserved 1179648K
  class space    used 8012K, committed 8768K, reserved 1048576K
}
Event: 62.410 GC heap before
{Heap before GC invocations=116 (full 3):
 PSYoungGen      total 6144K, used 6106K [0x00000000d5580000, 0x00000000d6380000, 0x0000000100000000)
  eden space 5632K, 99% used [0x00000000d5580000,0x00000000d5affff8,0x00000000d5b00000)
  from space 512K, 92% used [0x00000000d6300000,0x00000000d6376900,0x00000000d6380000)
  to   space 512K, 0% used [0x00000000d6280000,0x00000000d6280000,0x00000000d6300000)
 ParOldGen       total 250880K, used 250421K [0x0000000080000000, 0x000000008f500000, 0x00000000d5580000)
  object space 250880K, 99% used [0x0000000080000000,0x000000008f48d610,0x000000008f500000)
 Metaspace       used 75307K, committed 77056K, reserved 1179648K
  class space    used 8012K, committed 8768K, reserved 1048576K
}
Event: 62.411 GC heap after
{Heap after GC invocations=116 (full 3):
 PSYoungGen      total 6144K, used 448K [0x00000000d5580000, 0x00000000d6380000, 0x0000000100000000)
  eden space 5632K, 0% used [0x00000000d5580000,0x00000000d5580000,0x00000000d5b00000)
  from space 512K, 87% used [0x00000000d6280000,0x00000000d62f0000,0x00000000d6300000)
  to   space 512K, 0% used [0x00000000d6300000,0x00000000d6300000,0x00000000d6380000)
 ParOldGen       total 250880K, used 250547K [0x0000000080000000, 0x000000008f500000, 0x00000000d5580000)
  object space 250880K, 99% used [0x0000000080000000,0x000000008f4acf18,0x000000008f500000)
 Metaspace       used 75307K, committed 77056K, reserved 1179648K
  class space    used 8012K, committed 8768K, reserved 1048576K
}
Event: 62.728 GC heap before
{Heap before GC invocations=117 (full 3):
 PSYoungGen      total 6144K, used 6080K [0x00000000d5580000, 0x00000000d6380000, 0x0000000100000000)
  eden space 5632K, 100% used [0x00000000d5580000,0x00000000d5b00000,0x00000000d5b00000)
  from space 512K, 87% used [0x00000000d6280000,0x00000000d62f0000,0x00000000d6300000)
  to   space 512K, 0% used [0x00000000d6300000,0x00000000d6300000,0x00000000d6380000)
 ParOldGen       total 250880K, used 250547K [0x0000000080000000, 0x000000008f500000, 0x00000000d5580000)
  object space 250880K, 99% used [0x0000000080000000,0x000000008f4acf18,0x000000008f500000)
 Metaspace       used 75642K, committed 77312K, reserved 1179648K
  class space    used 8035K, committed 8768K, reserved 1048576K
}
Event: 62.729 GC heap after
{Heap after GC invocations=117 (full 3):
 PSYoungGen      total 6144K, used 192K [0x00000000d5580000, 0x00000000d6380000, 0x0000000100000000)
  eden space 5632K, 0% used [0x00000000d5580000,0x00000000d5580000,0x00000000d5b00000)
  from space 512K, 37% used [0x00000000d6300000,0x00000000d6330000,0x00000000d6380000)
  to   space 512K, 0% used [0x00000000d6280000,0x00000000d6280000,0x00000000d6300000)
 ParOldGen       total 250880K, used 250579K [0x0000000080000000, 0x000000008f500000, 0x00000000d5580000)
  object space 250880K, 99% used [0x0000000080000000,0x000000008f4b4f18,0x000000008f500000)
 Metaspace       used 75642K, committed 77312K, reserved 1179648K
  class space    used 8035K, committed 8768K, reserved 1048576K
}
Event: 63.814 GC heap before
{Heap before GC invocations=118 (full 3):
 PSYoungGen      total 6144K, used 5823K [0x00000000d5580000, 0x00000000d6380000, 0x0000000100000000)
  eden space 5632K, 99% used [0x00000000d5580000,0x00000000d5afffe0,0x00000000d5b00000)
  from space 512K, 37% used [0x00000000d6300000,0x00000000d6330000,0x00000000d6380000)
  to   space 512K, 0% used [0x00000000d6280000,0x00000000d6280000,0x00000000d6300000)
 ParOldGen       total 250880K, used 250579K [0x0000000080000000, 0x000000008f500000, 0x00000000d5580000)
  object space 250880K, 99% used [0x0000000080000000,0x000000008f4b4f18,0x000000008f500000)
 Metaspace       used 76049K, committed 77696K, reserved 1179648K
  class space    used 8114K, committed 8832K, reserved 1048576K
}
Event: 63.817 GC heap after
{Heap after GC invocations=118 (full 3):
 PSYoungGen      total 6144K, used 500K [0x00000000d5580000, 0x00000000d6380000, 0x0000000100000000)
  eden space 5632K, 0% used [0x00000000d5580000,0x00000000d5580000,0x00000000d5b00000)
  from space 512K, 97% used [0x00000000d6280000,0x00000000d62fd220,0x00000000d6300000)
  to   space 512K, 0% used [0x00000000d6300000,0x00000000d6300000,0x00000000d6380000)
 ParOldGen       total 250880K, used 250651K [0x0000000080000000, 0x000000008f500000, 0x00000000d5580000)
  object space 250880K, 99% used [0x0000000080000000,0x000000008f4c6f28,0x000000008f500000)
 Metaspace       used 76049K, committed 77696K, reserved 1179648K
  class space    used 8114K, committed 8832K, reserved 1048576K
}
Event: 64.231 GC heap before
{Heap before GC invocations=119 (full 3):
 PSYoungGen      total 6144K, used 6132K [0x00000000d5580000, 0x00000000d6380000, 0x0000000100000000)
  eden space 5632K, 100% used [0x00000000d5580000,0x00000000d5b00000,0x00000000d5b00000)
  from space 512K, 97% used [0x00000000d6280000,0x00000000d62fd220,0x00000000d6300000)
  to   space 512K, 0% used [0x00000000d6300000,0x00000000d6300000,0x00000000d6380000)
 ParOldGen       total 250880K, used 250651K [0x0000000080000000, 0x000000008f500000, 0x00000000d5580000)
  object space 250880K, 99% used [0x0000000080000000,0x000000008f4c6f28,0x000000008f500000)
 Metaspace       used 76477K, committed 78144K, reserved 1179648K
  class space    used 8164K, committed 8896K, reserved 1048576K
}
Event: 64.233 GC heap after
{Heap after GC invocations=119 (full 3):
 PSYoungGen      total 6144K, used 512K [0x00000000d5580000, 0x00000000d6380000, 0x0000000100000000)
  eden space 5632K, 0% used [0x00000000d5580000,0x00000000d5580000,0x00000000d5b00000)
  from space 512K, 100% used [0x00000000d6300000,0x00000000d6380000,0x00000000d6380000)
  to   space 1536K, 0% used [0x00000000d6080000,0x00000000d6080000,0x00000000d6200000)
 ParOldGen       total 251392K, used 251136K [0x0000000080000000, 0x000000008f580000, 0x00000000d5580000)
  object space 251392K, 99% used [0x0000000080000000,0x000000008f540148,0x000000008f580000)
 Metaspace       used 76477K, committed 78144K, reserved 1179648K
  class space    used 8164K, committed 8896K, reserved 1048576K
}
Event: 64.474 GC heap before
{Heap before GC invocations=120 (full 3):
 PSYoungGen      total 6144K, used 6144K [0x00000000d5580000, 0x00000000d6380000, 0x0000000100000000)
  eden space 5632K, 100% used [0x00000000d5580000,0x00000000d5b00000,0x00000000d5b00000)
  from space 512K, 100% used [0x00000000d6300000,0x00000000d6380000,0x00000000d6380000)
  to   space 1536K, 0% used [0x00000000d6080000,0x00000000d6080000,0x00000000d6200000)
 ParOldGen       total 251392K, used 251136K [0x0000000080000000, 0x000000008f580000, 0x00000000d5580000)
  object space 251392K, 99% used [0x0000000080000000,0x000000008f540148,0x000000008f580000)
 Metaspace       used 76517K, committed 78144K, reserved 1179648K
  class space    used 8164K, committed 8896K, reserved 1048576K
}
Event: 64.480 GC heap after
{Heap after GC invocations=120 (full 3):
 PSYoungGen      total 7168K, used 244K [0x00000000d5580000, 0x00000000d6380000, 0x0000000100000000)
  eden space 5632K, 0% used [0x00000000d5580000,0x00000000d5580000,0x00000000d5b00000)
  from space 1536K, 15% used [0x00000000d6080000,0x00000000d60bd200,0x00000000d6200000)
  to   space 1024K, 0% used [0x00000000d6280000,0x00000000d6280000,0x00000000d6380000)
 ParOldGen       total 251904K, used 251512K [0x0000000080000000, 0x000000008f600000, 0x00000000d5580000)
  object space 251904K, 99% used [0x0000000080000000,0x000000008f59e148,0x000000008f600000)
 Metaspace       used 76517K, committed 78144K, reserved 1179648K
  class space    used 8164K, committed 8896K, reserved 1048576K
}

