# JRE version: OpenJDK Runtime Environment Temurin-21.0.10+7 (21.0.10+7) (build 21.0.10+7-LTS)
# Java VM: OpenJDK 64-Bit Server VM Temurin-21.0.10+7 (21.0.10+7-LTS, mixed mode, sharing, tiered, compressed oops, compressed class ptrs, parallel gc, windows-amd64)
GC Precious Log:
 CardTable entry size: 512
 CPUs: 8 total, 8 available
 Memory: 7413M
 Large Page Support: Disabled
 NUMA Support: Disabled
 Compressed Oops: Enabled (32-bit)
 Alignments: Space 512K, Generation 512K, Heap 2M
 Heap Min Capacity: 100M
 Heap Initial Capacity: 100M
 Heap Max Capacity: 2G
 Pre-touch: Disabled
 Parallel Workers: 8
Heap:
 PSYoungGen      total 2560K, used 2461K [0x00000000d5580000, 0x00000000d5a80000, 0x0000000100000000)
  eden space 2048K, 95% used [0x00000000d5580000,0x00000000d57674e0,0x00000000d5780000)
  from space 512K, 100% used [0x00000000d5a00000,0x00000000d5a80000,0x00000000d5a80000)
  to   space 1024K, 0% used [0x00000000d5880000,0x00000000d5880000,0x00000000d5980000)
 ParOldGen       total 491008K, used 490796K [0x0000000080000000, 0x000000009df80000, 0x00000000d5580000)
  object space 491008K, 99% used [0x0000000080000000,0x000000009df4b030,0x000000009df80000)
 Metaspace       used 74298K, committed 75968K, reserved 1179648K
  class space    used 7836K, committed 8640K, reserved 1048576K
GC Heap History (20 events):
Event: 62.219 GC heap after
{Heap after GC invocations=315 (full 3):
 PSYoungGen      total 2560K, used 458K [0x00000000d5580000, 0x00000000d5a80000, 0x0000000100000000)
  eden space 2048K, 0% used [0x00000000d5580000,0x00000000d5580000,0x00000000d5780000)
  from space 512K, 89% used [0x00000000d5a00000,0x00000000d5a72910,0x00000000d5a80000)
  to   space 1024K, 0% used [0x00000000d5880000,0x00000000d5880000,0x00000000d5980000)
 ParOldGen       total 489984K, used 489854K [0x0000000080000000, 0x000000009de80000, 0x00000000d5580000)
  object space 489984K, 99% used [0x0000000080000000,0x000000009de5fa30,0x000000009de80000)
 Metaspace       used 73861K, committed 75456K, reserved 1179648K
  class space    used 7803K, committed 8512K, reserved 1048576K
}
Event: 62.243 GC heap before
{Heap before GC invocations=316 (full 3):
 PSYoungGen      total 2560K, used 2506K [0x00000000d5580000, 0x00000000d5a80000, 0x0000000100000000)
  eden space 2048K, 100% used [0x00000000d5580000,0x00000000d5780000,0x00000000d5780000)
  from space 512K, 89% used [0x00000000d5a00000,0x00000000d5a72910,0x00000000d5a80000)
  to   space 1024K, 0% used [0x00000000d5880000,0x00000000d5880000,0x00000000d5980000)
 ParOldGen       total 489984K, used 489854K [0x0000000080000000, 0x000000009de80000, 0x00000000d5580000)
  object space 489984K, 99% used [0x0000000080000000,0x000000009de5fa30,0x000000009de80000)
 Metaspace       used 73893K, committed 75520K, reserved 1179648K
  class space    used 7803K, committed 8512K, reserved 1048576K
}
Event: 62.245 GC heap after
{Heap after GC invocations=316 (full 3):
 PSYoungGen      total 3072K, used 250K [0x00000000d5580000, 0x00000000d5a80000, 0x0000000100000000)
  eden space 2048K, 0% used [0x00000000d5580000,0x00000000d5580000,0x00000000d5780000)
  from space 1024K, 24% used [0x00000000d5880000,0x00000000d58be900,0x00000000d5980000)
  to   space 512K, 0% used [0x00000000d5a00000,0x00000000d5a00000,0x00000000d5a80000)
 ParOldGen       total 489984K, used 489910K [0x0000000080000000, 0x000000009de80000, 0x00000000d5580000)
  object space 489984K, 99% used [0x0000000080000000,0x000000009de6da30,0x000000009de80000)
 Metaspace       used 73893K, committed 75520K, reserved 1179648K
  class space    used 7803K, committed 8512K, reserved 1048576K
}
Event: 62.260 GC heap before
{Heap before GC invocations=317 (full 3):
 PSYoungGen      total 3072K, used 2298K [0x00000000d5580000, 0x00000000d5a80000, 0x0000000100000000)
  eden space 2048K, 100% used [0x00000000d5580000,0x00000000d5780000,0x00000000d5780000)
  from space 1024K, 24% used [0x00000000d5880000,0x00000000d58be900,0x00000000d5980000)
  to   space 512K, 0% used [0x00000000d5a00000,0x00000000d5a00000,0x00000000d5a80000)
 ParOldGen       total 489984K, used 489910K [0x0000000080000000, 0x000000009de80000, 0x00000000d5580000)
  object space 489984K, 99% used [0x0000000080000000,0x000000009de6da30,0x000000009de80000)
 Metaspace       used 73896K, committed 75520K, reserved 1179648K
  class space    used 7803K, committed 8512K, reserved 1048576K
}
Event: 62.262 GC heap after
{Heap after GC invocations=317 (full 3):
 PSYoungGen      total 2560K, used 432K [0x00000000d5580000, 0x00000000d5a80000, 0x0000000100000000)
  eden space 2048K, 0% used [0x00000000d5580000,0x00000000d5580000,0x00000000d5780000)
  from space 512K, 84% used [0x00000000d5a00000,0x00000000d5a6c010,0x00000000d5a80000)
  to   space 512K, 0% used [0x00000000d5980000,0x00000000d5980000,0x00000000d5a00000)
 ParOldGen       total 490496K, used 490011K [0x0000000080000000, 0x000000009df00000, 0x00000000d5580000)
  object space 490496K, 99% used [0x0000000080000000,0x000000009de86c30,0x000000009df00000)
 Metaspace       used 73896K, committed 75520K, reserved 1179648K
  class space    used 7803K, committed 8512K, reserved 1048576K
}
Event: 120.580 GC heap before
{Heap before GC invocations=318 (full 3):
 PSYoungGen      total 2560K, used 2480K [0x00000000d5580000, 0x00000000d5a80000, 0x0000000100000000)
  eden space 2048K, 100% used [0x00000000d5580000,0x00000000d5780000,0x00000000d5780000)
  from space 512K, 84% used [0x00000000d5a00000,0x00000000d5a6c010,0x00000000d5a80000)
  to   space 512K, 0% used [0x00000000d5980000,0x00000000d5980000,0x00000000d5a00000)
 ParOldGen       total 490496K, used 490011K [0x0000000080000000, 0x000000009df00000, 0x00000000d5580000)
  object space 490496K, 99% used [0x0000000080000000,0x000000009de86c30,0x000000009df00000)
 Metaspace       used 73914K, committed 75584K, reserved 1179648K
  class space    used 7803K, committed 8512K, reserved 1048576K
}
Event: 120.651 GC heap after
{Heap after GC invocations=318 (full 3):
 PSYoungGen      total 2560K, used 192K [0x00000000d5580000, 0x00000000d5a80000, 0x0000000100000000)
  eden space 2048K, 0% used [0x00000000d5580000,0x00000000d5580000,0x00000000d5780000)
  from space 512K, 37% used [0x00000000d5980000,0x00000000d59b0000,0x00000000d5a00000)
  to   space 512K, 0% used [0x00000000d5a00000,0x00000000d5a00000,0x00000000d5a80000)
 ParOldGen       total 490496K, used 490059K [0x0000000080000000, 0x000000009df00000, 0x00000000d5580000)
  object space 490496K, 99% used [0x0000000080000000,0x000000009de92c30,0x000000009df00000)
 Metaspace       used 73914K, committed 75584K, reserved 1179648K
  class space    used 7803K, committed 8512K, reserved 1048576K
}
Event: 231.937 GC heap before
{Heap before GC invocations=319 (full 3):
 PSYoungGen      total 2560K, used 2240K [0x00000000d5580000, 0x00000000d5a80000, 0x0000000100000000)
  eden space 2048K, 100% used [0x00000000d5580000,0x00000000d5780000,0x00000000d5780000)
  from space 512K, 37% used [0x00000000d5980000,0x00000000d59b0000,0x00000000d5a00000)
  to   space 512K, 0% used [0x00000000d5a00000,0x00000000d5a00000,0x00000000d5a80000)
 ParOldGen       total 490496K, used 490059K [0x0000000080000000, 0x000000009df00000, 0x00000000d5580000)
  object space 490496K, 99% used [0x0000000080000000,0x000000009de92c30,0x000000009df00000)
 Metaspace       used 73958K, committed 75648K, reserved 1179648K
  class space    used 7807K, committed 8512K, reserved 1048576K
}
Event: 232.011 GC heap after
{Heap after GC invocations=319 (full 3):
 PSYoungGen      total 2560K, used 224K [0x00000000d5580000, 0x00000000d5a80000, 0x0000000100000000)
  eden space 2048K, 0% used [0x00000000d5580000,0x00000000d5580000,0x00000000d5780000)
  from space 512K, 43% used [0x00000000d5a00000,0x00000000d5a38000,0x00000000d5a80000)
  to   space 512K, 0% used [0x00000000d5980000,0x00000000d5980000,0x00000000d5a00000)
 ParOldGen       total 490496K, used 490075K [0x0000000080000000, 0x000000009df00000, 0x00000000d5580000)
  object space 490496K, 99% used [0x0000000080000000,0x000000009de96c30,0x000000009df00000)
 Metaspace       used 73958K, committed 75648K, reserved 1179648K
  class space    used 7807K, committed 8512K, reserved 1048576K
}
Event: 286.041 GC heap before
{Heap before GC invocations=320 (full 3):
 PSYoungGen      total 2560K, used 2272K [0x00000000d5580000, 0x00000000d5a80000, 0x0000000100000000)
  eden space 2048K, 100% used [0x00000000d5580000,0x00000000d5780000,0x00000000d5780000)
  from space 512K, 43% used [0x00000000d5a00000,0x00000000d5a38000,0x00000000d5a80000)
  to   space 512K, 0% used [0x00000000d5980000,0x00000000d5980000,0x00000000d5a00000)
 ParOldGen       total 490496K, used 490075K [0x0000000080000000, 0x000000009df00000, 0x00000000d5580000)
  object space 490496K, 99% used [0x0000000080000000,0x000000009de96c30,0x000000009df00000)
 Metaspace       used 73966K, committed 75648K, reserved 1179648K
  class space    used 7807K, committed 8512K, reserved 1048576K
}
Event: 286.068 GC heap after
{Heap after GC invocations=320 (full 3):
 PSYoungGen      total 2560K, used 276K [0x00000000d5580000, 0x00000000d5a80000, 0x0000000100000000)
  eden space 2048K, 0% used [0x00000000d5580000,0x00000000d5580000,0x00000000d5780000)
  from space 512K, 54% used [0x00000000d5980000,0x00000000d59c5200,0x00000000d5a00000)
  to   space 512K, 0% used [0x00000000d5a00000,0x00000000d5a00000,0x00000000d5a80000)
 ParOldGen       total 490496K, used 490099K [0x0000000080000000, 0x000000009df00000, 0x00000000d5580000)
  object space 490496K, 99% used [0x0000000080000000,0x000000009de9cc30,0x000000009df00000)
 Metaspace       used 73966K, committed 75648K, reserved 1179648K
  class space    used 7807K, committed 8512K, reserved 1048576K
}
Event: 321.951 GC heap before
{Heap before GC invocations=321 (full 3):
 PSYoungGen      total 2560K, used 2324K [0x00000000d5580000, 0x00000000d5a80000, 0x0000000100000000)
  eden space 2048K, 99% used [0x00000000d5580000,0x00000000d577fef8,0x00000000d5780000)
  from space 512K, 54% used [0x00000000d5980000,0x00000000d59c5200,0x00000000d5a00000)
  to   space 512K, 0% used [0x00000000d5a00000,0x00000000d5a00000,0x00000000d5a80000)
 ParOldGen       total 490496K, used 490099K [0x0000000080000000, 0x000000009df00000, 0x00000000d5580000)
  object space 490496K, 99% used [0x0000000080000000,0x000000009de9cc30,0x000000009df00000)
 Metaspace       used 74101K, committed 75776K, reserved 1179648K
  class space    used 7823K, committed 8576K, reserved 1048576K
}
Event: 322.010 GC heap after
{Heap after GC invocations=321 (full 3):
 PSYoungGen      total 2560K, used 224K [0x00000000d5580000, 0x00000000d5a80000, 0x0000000100000000)
  eden space 2048K, 0% used [0x00000000d5580000,0x00000000d5580000,0x00000000d5780000)
  from space 512K, 43% used [0x00000000d5a00000,0x00000000d5a38000,0x00000000d5a80000)
  to   space 512K, 0% used [0x00000000d5980000,0x00000000d5980000,0x00000000d5a00000)
 ParOldGen       total 490496K, used 490131K [0x0000000080000000, 0x000000009df00000, 0x00000000d5580000)
  object space 490496K, 99% used [0x0000000080000000,0x000000009dea4c30,0x000000009df00000)
 Metaspace       used 74101K, committed 75776K, reserved 1179648K
  class space    used 7823K, committed 8576K, reserved 1048576K
}
Event: 328.726 GC heap before
{Heap before GC invocations=322 (full 3):
 PSYoungGen      total 2560K, used 2272K [0x00000000d5580000, 0x00000000d5a80000, 0x0000000100000000)
  eden space 2048K, 100% used [0x00000000d5580000,0x00000000d5780000,0x00000000d5780000)
  from space 512K, 43% used [0x00000000d5a00000,0x00000000d5a38000,0x00000000d5a80000)
  to   space 512K, 0% used [0x00000000d5980000,0x00000000d5980000,0x00000000d5a00000)
 ParOldGen       total 490496K, used 490131K [0x0000000080000000, 0x000000009df00000, 0x00000000d5580000)
  object space 490496K, 99% used [0x0000000080000000,0x000000009dea4c30,0x000000009df00000)
 Metaspace       used 74244K, committed 75968K, reserved 1179648K
  class space    used 7836K, committed 8640K, reserved 1048576K
}
Event: 328.731 GC heap after
{Heap after GC invocations=322 (full 3):
 PSYoungGen      total 2560K, used 224K [0x00000000d5580000, 0x00000000d5a80000, 0x0000000100000000)
  eden space 2048K, 0% used [0x00000000d5580000,0x00000000d5580000,0x00000000d5780000)
  from space 512K, 43% used [0x00000000d5980000,0x00000000d59b8000,0x00000000d5a00000)
  to   space 512K, 0% used [0x00000000d5a00000,0x00000000d5a00000,0x00000000d5a80000)
 ParOldGen       total 490496K, used 490187K [0x0000000080000000, 0x000000009df00000, 0x00000000d5580000)
  object space 490496K, 99% used [0x0000000080000000,0x000000009deb2c30,0x000000009df00000)
 Metaspace       used 74244K, committed 75968K, reserved 1179648K
  class space    used 7836K, committed 8640K, reserved 1048576K
}
Event: 390.618 GC heap before
{Heap before GC invocations=323 (full 3):
 PSYoungGen      total 2560K, used 2272K [0x00000000d5580000, 0x00000000d5a80000, 0x0000000100000000)
  eden space 2048K, 100% used [0x00000000d5580000,0x00000000d5780000,0x00000000d5780000)
  from space 512K, 43% used [0x00000000d5980000,0x00000000d59b8000,0x00000000d5a00000)
  to   space 512K, 0% used [0x00000000d5a00000,0x00000000d5a00000,0x00000000d5a80000)
 ParOldGen       total 490496K, used 490187K [0x0000000080000000, 0x000000009df00000, 0x00000000d5580000)
  object space 490496K, 99% used [0x0000000080000000,0x000000009deb2c30,0x000000009df00000)
 Metaspace       used 74288K, committed 75968K, reserved 1179648K
  class space    used 7836K, committed 8640K, reserved 1048576K
}
Event: 390.821 GC heap after
{Heap after GC invocations=323 (full 3):
 PSYoungGen      total 2560K, used 224K [0x00000000d5580000, 0x00000000d5a80000, 0x0000000100000000)
  eden space 2048K, 0% used [0x00000000d5580000,0x00000000d5580000,0x00000000d5780000)
  from space 512K, 43% used [0x00000000d5a00000,0x00000000d5a38000,0x00000000d5a80000)
  to   space 512K, 0% used [0x00000000d5980000,0x00000000d5980000,0x00000000d5a00000)
 ParOldGen       total 490496K, used 490323K [0x0000000080000000, 0x000000009df00000, 0x00000000d5580000)
  object space 490496K, 99% used [0x0000000080000000,0x000000009ded4c30,0x000000009df00000)
 Metaspace       used 74288K, committed 75968K, reserved 1179648K
  class space    used 7836K, committed 8640K, reserved 1048576K
}
Event: 391.502 GC heap before
{Heap before GC invocations=324 (full 3):
 PSYoungGen      total 2560K, used 2272K [0x00000000d5580000, 0x00000000d5a80000, 0x0000000100000000)
  eden space 2048K, 100% used [0x00000000d5580000,0x00000000d5780000,0x00000000d5780000)
  from space 512K, 43% used [0x00000000d5a00000,0x00000000d5a38000,0x00000000d5a80000)
  to   space 512K, 0% used [0x00000000d5980000,0x00000000d5980000,0x00000000d5a00000)
 ParOldGen       total 490496K, used 490323K [0x0000000080000000, 0x000000009df00000, 0x00000000d5580000)
  object space 490496K, 99% used [0x0000000080000000,0x000000009ded4c30,0x000000009df00000)
 Metaspace       used 74294K, committed 75968K, reserved 1179648K
  class space    used 7836K, committed 8640K, reserved 1048576K
}
Event: 391.507 GC heap after
{Heap after GC invocations=324 (full 3):
 PSYoungGen      total 2560K, used 506K [0x00000000d5580000, 0x00000000d5a80000, 0x0000000100000000)
  eden space 2048K, 0% used [0x00000000d5580000,0x00000000d5580000,0x00000000d5780000)
  from space 512K, 98% used [0x00000000d5980000,0x00000000d59fe900,0x00000000d5a00000)
  to   space 512K, 0% used [0x00000000d5a00000,0x00000000d5a00000,0x00000000d5a80000)
 ParOldGen       total 490496K, used 490415K [0x0000000080000000, 0x000000009df00000, 0x00000000d5580000)
  object space 490496K, 99% used [0x0000000080000000,0x000000009deebe30,0x000000009df00000)
 Metaspace       used 74294K, committed 75968K, reserved 1179648K
  class space    used 7836K, committed 8640K, reserved 1048576K
}
Event: 392.006 GC heap before
{Heap before GC invocations=325 (full 3):
 PSYoungGen      total 2560K, used 2554K [0x00000000d5580000, 0x00000000d5a80000, 0x0000000100000000)
  eden space 2048K, 100% used [0x00000000d5580000,0x00000000d5780000,0x00000000d5780000)
  from space 512K, 98% used [0x00000000d5980000,0x00000000d59fe900,0x00000000d5a00000)
  to   space 512K, 0% used [0x00000000d5a00000,0x00000000d5a00000,0x00000000d5a80000)
 ParOldGen       total 490496K, used 490415K [0x0000000080000000, 0x000000009df00000, 0x00000000d5580000)
  object space 490496K, 99% used [0x0000000080000000,0x000000009deebe30,0x000000009df00000)
 Metaspace       used 74298K, committed 75968K, reserved 1179648K
  class space    used 7836K, committed 8640K, reserved 1048576K
}

