# JRE version: OpenJDK Runtime Environment Temurin-21.0.10+7 (21.0.10+7) (build 21.0.10+7-LTS)
# Java VM: OpenJDK 64-Bit Server VM Temurin-21.0.10+7 (21.0.10+7-LTS, mixed mode, sharing, tiered, compressed oops, compressed class ptrs, parallel gc, windows-amd64)
GC Precious Log:
 CardTable entry size: 512
 CPUs: 8 total, 8 available
 Memory: 7413M
 Large Page Support: Disabled
 NUMA Support: Disabled
 Compressed Oops: Enabled (32-bit)
 Alignments: Space 512K, Generation 512K, Heap 2M
 Heap Min Capacity: 100M
 Heap Initial Capacity: 100M
 Heap Max Capacity: 2G
 Pre-touch: Disabled
 Parallel Workers: 8
Heap:
 PSYoungGen      total 5120K, used 5120K [0x00000000d5580000, 0x00000000d6500000, 0x0000000100000000)
  eden space 3584K, 100% used [0x00000000d5580000,0x00000000d5900000,0x00000000d5900000)
  from space 1536K, 100% used [0x00000000d5e80000,0x00000000d6000000,0x00000000d6000000)
  to   space 5632K, 0% used [0x00000000d5900000,0x00000000d5900000,0x00000000d5e80000)
 ParOldGen       total 849408K, used 848902K [0x0000000080000000, 0x00000000b3d80000, 0x00000000d5580000)
  object space 849408K, 99% used [0x0000000080000000,0x00000000b3d018a0,0x00000000b3d80000)
 Metaspace       used 71648K, committed 73344K, reserved 1114112K
  class space    used 7552K, committed 8320K, reserved 1048576K
GC Heap History (20 events):
Event: 187.072 GC heap before
{Heap before GC invocations=338 (full 3):
 PSYoungGen      total 5120K, used 4864K [0x00000000d5580000, 0x00000000d5e80000, 0x0000000100000000)
  eden space 4608K, 100% used [0x00000000d5580000,0x00000000d5a00000,0x00000000d5a00000)
  from space 512K, 50% used [0x00000000d5e00000,0x00000000d5e40000,0x00000000d5e80000)
  to   space 1024K, 0% used [0x00000000d5c80000,0x00000000d5c80000,0x00000000d5d80000)
 ParOldGen       total 799744K, used 799717K [0x0000000080000000, 0x00000000b0d00000, 0x00000000d5580000)
  object space 799744K, 99% used [0x0000000080000000,0x00000000b0cf9598,0x00000000b0d00000)
 Metaspace       used 71507K, committed 73216K, reserved 1114112K
  class space    used 7549K, committed 8320K, reserved 1048576K
}
Event: 187.082 GC heap after
{Heap after GC invocations=338 (full 3):
 PSYoungGen      total 5632K, used 304K [0x00000000d5580000, 0x00000000d5e80000, 0x0000000100000000)
  eden space 4608K, 0% used [0x00000000d5580000,0x00000000d5580000,0x00000000d5a00000)
  from space 1024K, 29% used [0x00000000d5c80000,0x00000000d5ccc010,0x00000000d5d80000)
  to   space 512K, 0% used [0x00000000d5e00000,0x00000000d5e00000,0x00000000d5e80000)
 ParOldGen       total 800256K, used 799789K [0x0000000080000000, 0x00000000b0d80000, 0x00000000d5580000)
  object space 800256K, 99% used [0x0000000080000000,0x00000000b0d0b598,0x00000000b0d80000)
 Metaspace       used 71507K, committed 73216K, reserved 1114112K
  class space    used 7549K, committed 8320K, reserved 1048576K
}
Event: 187.542 GC heap before
{Heap before GC invocations=339 (full 3):
 PSYoungGen      total 5632K, used 4911K [0x00000000d5580000, 0x00000000d5e80000, 0x0000000100000000)
  eden space 4608K, 99% used [0x00000000d5580000,0x00000000d59fffe8,0x00000000d5a00000)
  from space 1024K, 29% used [0x00000000d5c80000,0x00000000d5ccc010,0x00000000d5d80000)
  to   space 512K, 0% used [0x00000000d5e00000,0x00000000d5e00000,0x00000000d5e80000)
 ParOldGen       total 800256K, used 799789K [0x0000000080000000, 0x00000000b0d80000, 0x00000000d5580000)
  object space 800256K, 99% used [0x0000000080000000,0x00000000b0d0b598,0x00000000b0d80000)
 Metaspace       used 71548K, committed 73216K, reserved 1114112K
  class space    used 7550K, committed 8320K, reserved 1048576K
}
Event: 187.547 GC heap after
{Heap after GC invocations=339 (full 3):
 PSYoungGen      total 5120K, used 484K [0x00000000d5580000, 0x00000000d5e80000, 0x0000000100000000)
  eden space 4608K, 0% used [0x00000000d5580000,0x00000000d5580000,0x00000000d5a00000)
  from space 512K, 94% used [0x00000000d5e00000,0x00000000d5e79210,0x00000000d5e80000)
  to   space 1024K, 0% used [0x00000000d5c80000,0x00000000d5c80000,0x00000000d5d80000)
 ParOldGen       total 800256K, used 799981K [0x0000000080000000, 0x00000000b0d80000, 0x00000000d5580000)
  object space 800256K, 99% used [0x0000000080000000,0x00000000b0d3b598,0x00000000b0d80000)
 Metaspace       used 71548K, committed 73216K, reserved 1114112K
  class space    used 7550K, committed 8320K, reserved 1048576K
}
Event: 188.055 GC heap before
{Heap before GC invocations=340 (full 3):
 PSYoungGen      total 5120K, used 5021K [0x00000000d5580000, 0x00000000d5e80000, 0x0000000100000000)
  eden space 4608K, 98% used [0x00000000d5580000,0x00000000d59ee4a8,0x00000000d5a00000)
  from space 512K, 94% used [0x00000000d5e00000,0x00000000d5e79210,0x00000000d5e80000)
  to   space 1024K, 0% used [0x00000000d5c80000,0x00000000d5c80000,0x00000000d5d80000)
 ParOldGen       total 800256K, used 799981K [0x0000000080000000, 0x00000000b0d80000, 0x00000000d5580000)
  object space 800256K, 99% used [0x0000000080000000,0x00000000b0d3b598,0x00000000b0d80000)
 Metaspace       used 71556K, committed 73216K, reserved 1114112K
  class space    used 7551K, committed 8320K, reserved 1048576K
}
Event: 188.060 GC heap after
{Heap after GC invocations=340 (full 3):
 PSYoungGen      total 5632K, used 993K [0x00000000d5580000, 0x00000000d6000000, 0x0000000100000000)
  eden space 4608K, 0% used [0x00000000d5580000,0x00000000d5580000,0x00000000d5a00000)
  from space 1024K, 96% used [0x00000000d5c80000,0x00000000d5d78438,0x00000000d5d80000)
  to   space 2560K, 0% used [0x00000000d5d80000,0x00000000d5d80000,0x00000000d6000000)
 ParOldGen       total 801792K, used 801360K [0x0000000080000000, 0x00000000b0f00000, 0x00000000d5580000)
  object space 801792K, 99% used [0x0000000080000000,0x00000000b0e94210,0x00000000b0f00000)
 Metaspace       used 71556K, committed 73216K, reserved 1114112K
  class space    used 7551K, committed 8320K, reserved 1048576K
}
Event: 188.212 GC heap before
{Heap before GC invocations=341 (full 3):
 PSYoungGen      total 5632K, used 5600K [0x00000000d5580000, 0x00000000d6000000, 0x0000000100000000)
  eden space 4608K, 99% used [0x00000000d5580000,0x00000000d59fff98,0x00000000d5a00000)
  from space 1024K, 96% used [0x00000000d5c80000,0x00000000d5d78438,0x00000000d5d80000)
  to   space 2560K, 0% used [0x00000000d5d80000,0x00000000d5d80000,0x00000000d6000000)
 ParOldGen       total 801792K, used 801360K [0x0000000080000000, 0x00000000b0f00000, 0x00000000d5580000)
  object space 801792K, 99% used [0x0000000080000000,0x00000000b0e94210,0x00000000b0f00000)
 Metaspace       used 71561K, committed 73216K, reserved 1114112K
  class space    used 7551K, committed 8320K, reserved 1048576K
}
Event: 188.217 GC heap after
{Heap after GC invocations=341 (full 3):
 PSYoungGen      total 7168K, used 2549K [0x00000000d5580000, 0x00000000d6000000, 0x0000000100000000)
  eden space 4608K, 0% used [0x00000000d5580000,0x00000000d5580000,0x00000000d5a00000)
  from space 2560K, 99% used [0x00000000d5d80000,0x00000000d5ffd758,0x00000000d6000000)
  to   space 3072K, 0% used [0x00000000d5a00000,0x00000000d5a00000,0x00000000d5d00000)
 ParOldGen       total 803328K, used 802829K [0x0000000080000000, 0x00000000b1080000, 0x00000000d5580000)
  object space 803328K, 99% used [0x0000000080000000,0x00000000b10035b0,0x00000000b1080000)
 Metaspace       used 71561K, committed 73216K, reserved 1114112K
  class space    used 7551K, committed 8320K, reserved 1048576K
}
Event: 188.273 GC heap before
{Heap before GC invocations=342 (full 3):
 PSYoungGen      total 7168K, used 7157K [0x00000000d5580000, 0x00000000d6000000, 0x0000000100000000)
  eden space 4608K, 100% used [0x00000000d5580000,0x00000000d5a00000,0x00000000d5a00000)
  from space 2560K, 99% used [0x00000000d5d80000,0x00000000d5ffd758,0x00000000d6000000)
  to   space 3072K, 0% used [0x00000000d5a00000,0x00000000d5a00000,0x00000000d5d00000)
 ParOldGen       total 803328K, used 802829K [0x0000000080000000, 0x00000000b1080000, 0x00000000d5580000)
  object space 803328K, 99% used [0x0000000080000000,0x00000000b10035b0,0x00000000b1080000)
 Metaspace       used 71561K, committed 73216K, reserved 1114112K
  class space    used 7551K, committed 8320K, reserved 1048576K
}
Event: 188.281 GC heap after
{Heap after GC invocations=342 (full 3):
 PSYoungGen      total 7680K, used 3072K [0x00000000d5580000, 0x00000000d6a00000, 0x0000000100000000)
  eden space 4608K, 0% used [0x00000000d5580000,0x00000000d5580000,0x00000000d5a00000)
  from space 3072K, 100% used [0x00000000d5a00000,0x00000000d5d00000,0x00000000d5d00000)
  to   space 8192K, 0% used [0x00000000d6200000,0x00000000d6200000,0x00000000d6a00000)
 ParOldGen       total 806912K, used 806765K [0x0000000080000000, 0x00000000b1400000, 0x00000000d5580000)
  object space 806912K, 99% used [0x0000000080000000,0x00000000b13db5f0,0x00000000b1400000)
 Metaspace       used 71561K, committed 73216K, reserved 1114112K
  class space    used 7551K, committed 8320K, reserved 1048576K
}
Event: 188.353 GC heap before
{Heap before GC invocations=343 (full 3):
 PSYoungGen      total 7680K, used 7680K [0x00000000d5580000, 0x00000000d6a00000, 0x0000000100000000)
  eden space 4608K, 100% used [0x00000000d5580000,0x00000000d5a00000,0x00000000d5a00000)
  from space 3072K, 100% used [0x00000000d5a00000,0x00000000d5d00000,0x00000000d5d00000)
  to   space 8192K, 0% used [0x00000000d6200000,0x00000000d6200000,0x00000000d6a00000)
 ParOldGen       total 806912K, used 806765K [0x0000000080000000, 0x00000000b1400000, 0x00000000d5580000)
  object space 806912K, 99% used [0x0000000080000000,0x00000000b13db5f0,0x00000000b1400000)
 Metaspace       used 71568K, committed 73216K, reserved 1114112K
  class space    used 7551K, committed 8320K, reserved 1048576K
}
Event: 188.362 GC heap after
{Heap after GC invocations=343 (full 3):
 PSYoungGen      total 6656K, used 1748K [0x00000000d5580000, 0x00000000d6400000, 0x0000000100000000)
  eden space 4608K, 0% used [0x00000000d5580000,0x00000000d5580000,0x00000000d5a00000)
  from space 2048K, 85% used [0x00000000d6200000,0x00000000d63b5200,0x00000000d6400000)
  to   space 4096K, 0% used [0x00000000d5c00000,0x00000000d5c00000,0x00000000d6000000)
 ParOldGen       total 809984K, used 809885K [0x0000000080000000, 0x00000000b1700000, 0x00000000d5580000)
  object space 809984K, 99% used [0x0000000080000000,0x00000000b16e75f0,0x00000000b1700000)
 Metaspace       used 71568K, committed 73216K, reserved 1114112K
  class space    used 7551K, committed 8320K, reserved 1048576K
}
Event: 188.404 GC heap before
{Heap before GC invocations=344 (full 3):
 PSYoungGen      total 6656K, used 6356K [0x00000000d5580000, 0x00000000d6400000, 0x0000000100000000)
  eden space 4608K, 100% used [0x00000000d5580000,0x00000000d5a00000,0x00000000d5a00000)
  from space 2048K, 85% used [0x00000000d6200000,0x00000000d63b5200,0x00000000d6400000)
  to   space 4096K, 0% used [0x00000000d5c00000,0x00000000d5c00000,0x00000000d6000000)
 ParOldGen       total 809984K, used 809885K [0x0000000080000000, 0x00000000b1700000, 0x00000000d5580000)
  object space 809984K, 99% used [0x0000000080000000,0x00000000b16e75f0,0x00000000b1700000)
 Metaspace       used 71574K, committed 73216K, reserved 1114112K
  class space    used 7551K, committed 8320K, reserved 1048576K
}
Event: 188.413 GC heap after
{Heap after GC invocations=344 (full 3):
 PSYoungGen      total 7168K, used 2426K [0x00000000d5580000, 0x00000000d6280000, 0x0000000100000000)
  eden space 4608K, 0% used [0x00000000d5580000,0x00000000d5580000,0x00000000d5a00000)
  from space 2560K, 94% used [0x00000000d5c00000,0x00000000d5e5e900,0x00000000d5e80000)
  to   space 3072K, 0% used [0x00000000d5f80000,0x00000000d5f80000,0x00000000d6280000)
 ParOldGen       total 811520K, used 811117K [0x0000000080000000, 0x00000000b1880000, 0x00000000d5580000)
  object space 811520K, 99% used [0x0000000080000000,0x00000000b181b5f0,0x00000000b1880000)
 Metaspace       used 71574K, committed 73216K, reserved 1114112K
  class space    used 7551K, committed 8320K, reserved 1048576K
}
Event: 188.610 GC heap before
{Heap before GC invocations=345 (full 3):
 PSYoungGen      total 7168K, used 7034K [0x00000000d5580000, 0x00000000d6280000, 0x0000000100000000)
  eden space 4608K, 100% used [0x00000000d5580000,0x00000000d5a00000,0x00000000d5a00000)
  from space 2560K, 94% used [0x00000000d5c00000,0x00000000d5e5e900,0x00000000d5e80000)
  to   space 3072K, 0% used [0x00000000d5f80000,0x00000000d5f80000,0x00000000d6280000)
 ParOldGen       total 811520K, used 811117K [0x0000000080000000, 0x00000000b1880000, 0x00000000d5580000)
  object space 811520K, 99% used [0x0000000080000000,0x00000000b181b5f0,0x00000000b1880000)
 Metaspace       used 71590K, committed 73280K, reserved 1114112K
  class space    used 7552K, committed 8320K, reserved 1048576K
}
Event: 188.621 GC heap after
{Heap after GC invocations=345 (full 3):
 PSYoungGen      total 6656K, used 1818K [0x00000000d5580000, 0x00000000d6180000, 0x0000000100000000)
  eden space 4608K, 0% used [0x00000000d5580000,0x00000000d5580000,0x00000000d5a00000)
  from space 2048K, 88% used [0x00000000d5f80000,0x00000000d6146900,0x00000000d6180000)
  to   space 2560K, 0% used [0x00000000d5c80000,0x00000000d5c80000,0x00000000d5f00000)
 ParOldGen       total 813568K, used 813077K [0x0000000080000000, 0x00000000b1a80000, 0x00000000d5580000)
  object space 813568K, 99% used [0x0000000080000000,0x00000000b1a055f0,0x00000000b1a80000)
 Metaspace       used 71590K, committed 73280K, reserved 1114112K
  class space    used 7552K, committed 8320K, reserved 1048576K
}
Event: 188.741 GC heap before
{Heap before GC invocations=346 (full 3):
 PSYoungGen      total 6656K, used 6336K [0x00000000d5580000, 0x00000000d6180000, 0x0000000100000000)
  eden space 4608K, 98% used [0x00000000d5580000,0x00000000d59e9988,0x00000000d5a00000)
  from space 2048K, 88% used [0x00000000d5f80000,0x00000000d6146900,0x00000000d6180000)
  to   space 2560K, 0% used [0x00000000d5c80000,0x00000000d5c80000,0x00000000d5f00000)
 ParOldGen       total 813568K, used 813077K [0x0000000080000000, 0x00000000b1a80000, 0x00000000d5580000)
  object space 813568K, 99% used [0x0000000080000000,0x00000000b1a055f0,0x00000000b1a80000)
 Metaspace       used 71629K, committed 73344K, reserved 1114112K
  class space    used 7552K, committed 8320K, reserved 1048576K
}
Event: 188.748 GC heap after
{Heap after GC invocations=346 (full 3):
 PSYoungGen      total 6656K, used 1904K [0x00000000d5580000, 0x00000000d6000000, 0x0000000100000000)
  eden space 4608K, 0% used [0x00000000d5580000,0x00000000d5580000,0x00000000d5a00000)
  from space 2048K, 92% used [0x00000000d5c80000,0x00000000d5e5c000,0x00000000d5e80000)
  to   space 1536K, 0% used [0x00000000d5e80000,0x00000000d5e80000,0x00000000d6000000)
 ParOldGen       total 815104K, used 814758K [0x0000000080000000, 0x00000000b1c00000, 0x00000000d5580000)
  object space 815104K, 99% used [0x0000000080000000,0x00000000b1ba9830,0x00000000b1c00000)
 Metaspace       used 71629K, committed 73344K, reserved 1114112K
  class space    used 7552K, committed 8320K, reserved 1048576K
}
Event: 188.841 GC heap before
{Heap before GC invocations=347 (full 3):
 PSYoungGen      total 6656K, used 6512K [0x00000000d5580000, 0x00000000d6000000, 0x0000000100000000)
  eden space 4608K, 100% used [0x00000000d5580000,0x00000000d5a00000,0x00000000d5a00000)
  from space 2048K, 92% used [0x00000000d5c80000,0x00000000d5e5c000,0x00000000d5e80000)
  to   space 1536K, 0% used [0x00000000d5e80000,0x00000000d5e80000,0x00000000d6000000)
 ParOldGen       total 846848K, used 845478K [0x0000000080000000, 0x00000000b3b00000, 0x00000000d5580000)
  object space 846848K, 99% used [0x0000000080000000,0x00000000b39a9860,0x00000000b3b00000)
 Metaspace       used 71648K, committed 73344K, reserved 1114112K
  class space    used 7552K, committed 8320K, reserved 1048576K
}
Event: 188.847 GC heap after
{Heap after GC invocations=347 (full 3):
 PSYoungGen      total 5120K, used 1536K [0x00000000d5580000, 0x00000000d6500000, 0x0000000100000000)
  eden space 3584K, 0% used [0x00000000d5580000,0x00000000d5580000,0x00000000d5900000)
  from space 1536K, 100% used [0x00000000d5e80000,0x00000000d6000000,0x00000000d6000000)
  to   space 5632K, 0% used [0x00000000d5900000,0x00000000d5900000,0x00000000d5e80000)
 ParOldGen       total 849408K, used 848902K [0x0000000080000000, 0x00000000b3d80000, 0x00000000d5580000)
  object space 849408K, 99% used [0x0000000080000000,0x00000000b3d018a0,0x00000000b3d80000)
 Metaspace       used 71648K, committed 73344K, reserved 1114112K
  class space    used 7552K, committed 8320K, reserved 1048576K
}

