# JRE version: OpenJDK Runtime Environment Temurin-21.0.10+7 (21.0.10+7) (build 21.0.10+7-LTS)
# Java VM: OpenJDK 64-Bit Server VM Temurin-21.0.10+7 (21.0.10+7-LTS, mixed mode, sharing, tiered, compressed oops, compressed class ptrs, parallel gc, windows-amd64)
GC Precious Log:
 CardTable entry size: 512
 CPUs: 8 total, 8 available
 Memory: 7413M
 Large Page Support: Disabled
 NUMA Support: Disabled
 Compressed Oops: Enabled (32-bit)
 Alignments: Space 512K, Generation 512K, Heap 2M
 Heap Min Capacity: 100M
 Heap Initial Capacity: 100M
 Heap Max Capacity: 2G
 Pre-touch: Disabled
 Parallel Workers: 8
Heap:
 PSYoungGen      total 1536K, used 1472K [0x00000000d5580000, 0x00000000d5880000, 0x0000000100000000)
  eden space 1024K, 100% used [0x00000000d5580000,0x00000000d5680000,0x00000000d5680000)
  from space 512K, 87% used [0x00000000d5800000,0x00000000d5870000,0x00000000d5880000)
  to   space 512K, 100% used [0x00000000d5680000,0x00000000d5700000,0x00000000d5700000)
 ParOldGen       total 298496K, used 298307K [0x0000000080000000, 0x0000000092380000, 0x00000000d5580000)
  object space 298496K, 99% used [0x0000000080000000,0x0000000092352f10,0x0000000092380000)
 Metaspace       used 69989K, committed 71552K, reserved 1114112K
  class space    used 7388K, committed 8064K, reserved 1048576K
GC Heap History (20 events):
Event: 37.907 GC heap before
{Heap before GC invocations=193 (full 3):
 PSYoungGen      total 3072K, used 2218K [0x00000000d5580000, 0x00000000d5980000, 0x0000000100000000)
  eden space 2048K, 98% used [0x00000000d5580000,0x00000000d577aba0,0x00000000d5780000)
  from space 1024K, 18% used [0x00000000d5800000,0x00000000d5830000,0x00000000d5900000)
  to   space 512K, 0% used [0x00000000d5900000,0x00000000d5900000,0x00000000d5980000)
 ParOldGen       total 230400K, used 230013K [0x0000000080000000, 0x000000008e100000, 0x00000000d5580000)
  object space 230400K, 99% used [0x0000000080000000,0x000000008e09f5b0,0x000000008e100000)
 Metaspace       used 69491K, committed 71040K, reserved 1114112K
  class space    used 7328K, committed 8000K, reserved 1048576K
}
Event: 37.908 GC heap after
{Heap after GC invocations=193 (full 3):
 PSYoungGen      total 2560K, used 344K [0x00000000d5580000, 0x00000000d5980000, 0x0000000100000000)
  eden space 2048K, 0% used [0x00000000d5580000,0x00000000d5580000,0x00000000d5780000)
  from space 512K, 67% used [0x00000000d5900000,0x00000000d59560d8,0x00000000d5980000)
  to   space 512K, 0% used [0x00000000d5880000,0x00000000d5880000,0x00000000d5900000)
 ParOldGen       total 230400K, used 230077K [0x0000000080000000, 0x000000008e100000, 0x00000000d5580000)
  object space 230400K, 99% used [0x0000000080000000,0x000000008e0af5b0,0x000000008e100000)
 Metaspace       used 69491K, committed 71040K, reserved 1114112K
  class space    used 7328K, committed 8000K, reserved 1048576K
}
Event: 37.959 GC heap before
{Heap before GC invocations=194 (full 3):
 PSYoungGen      total 2560K, used 2290K [0x00000000d5580000, 0x00000000d5980000, 0x0000000100000000)
  eden space 2048K, 95% used [0x00000000d5580000,0x00000000d5766998,0x00000000d5780000)
  from space 512K, 67% used [0x00000000d5900000,0x00000000d59560d8,0x00000000d5980000)
  to   space 512K, 0% used [0x00000000d5880000,0x00000000d5880000,0x00000000d5900000)
 ParOldGen       total 230400K, used 230077K [0x0000000080000000, 0x000000008e100000, 0x00000000d5580000)
  object space 230400K, 99% used [0x0000000080000000,0x000000008e0af5b0,0x000000008e100000)
 Metaspace       used 69633K, committed 71168K, reserved 1114112K
  class space    used 7343K, committed 8000K, reserved 1048576K
}
Event: 37.962 GC heap after
{Heap after GC invocations=194 (full 3):
 PSYoungGen      total 2560K, used 381K [0x00000000d5580000, 0x00000000d5980000, 0x0000000100000000)
  eden space 2048K, 0% used [0x00000000d5580000,0x00000000d5580000,0x00000000d5780000)
  from space 512K, 74% used [0x00000000d5880000,0x00000000d58df608,0x00000000d5900000)
  to   space 512K, 0% used [0x00000000d5900000,0x00000000d5900000,0x00000000d5980000)
 ParOldGen       total 230400K, used 230197K [0x0000000080000000, 0x000000008e100000, 0x00000000d5580000)
  object space 230400K, 99% used [0x0000000080000000,0x000000008e0cd5b0,0x000000008e100000)
 Metaspace       used 69633K, committed 71168K, reserved 1114112K
  class space    used 7343K, committed 8000K, reserved 1048576K
}
Event: 37.996 GC heap before
{Heap before GC invocations=195 (full 3):
 PSYoungGen      total 2560K, used 2429K [0x00000000d5580000, 0x00000000d5980000, 0x0000000100000000)
  eden space 2048K, 100% used [0x00000000d5580000,0x00000000d5780000,0x00000000d5780000)
  from space 512K, 74% used [0x00000000d5880000,0x00000000d58df608,0x00000000d5900000)
  to   space 512K, 0% used [0x00000000d5900000,0x00000000d5900000,0x00000000d5980000)
 ParOldGen       total 230400K, used 230197K [0x0000000080000000, 0x000000008e100000, 0x00000000d5580000)
  object space 230400K, 99% used [0x0000000080000000,0x000000008e0cd5b0,0x000000008e100000)
 Metaspace       used 69757K, committed 71232K, reserved 1114112K
  class space    used 7356K, committed 8000K, reserved 1048576K
}
Event: 37.999 GC heap after
{Heap after GC invocations=195 (full 3):
 PSYoungGen      total 2048K, used 500K [0x00000000d5580000, 0x00000000d5b80000, 0x0000000100000000)
  eden space 1536K, 0% used [0x00000000d5580000,0x00000000d5580000,0x00000000d5700000)
  from space 512K, 97% used [0x00000000d5900000,0x00000000d597d148,0x00000000d5980000)
  to   space 2048K, 0% used [0x00000000d5700000,0x00000000d5700000,0x00000000d5900000)
 ParOldGen       total 231424K, used 231302K [0x0000000080000000, 0x000000008e200000, 0x00000000d5580000)
  object space 231424K, 99% used [0x0000000080000000,0x000000008e1e1a20,0x000000008e200000)
 Metaspace       used 69757K, committed 71232K, reserved 1114112K
  class space    used 7356K, committed 8000K, reserved 1048576K
}
Event: 38.012 GC heap before
{Heap before GC invocations=196 (full 3):
 PSYoungGen      total 2048K, used 1637K [0x00000000d5580000, 0x00000000d5b80000, 0x0000000100000000)
  eden space 1536K, 74% used [0x00000000d5580000,0x00000000d569c628,0x00000000d5700000)
  from space 512K, 97% used [0x00000000d5900000,0x00000000d597d148,0x00000000d5980000)
  to   space 2048K, 0% used [0x00000000d5700000,0x00000000d5700000,0x00000000d5900000)
 ParOldGen       total 231424K, used 231302K [0x0000000080000000, 0x000000008e200000, 0x00000000d5580000)
  object space 231424K, 99% used [0x0000000080000000,0x000000008e1e1a20,0x000000008e200000)
 Metaspace       used 69757K, committed 71232K, reserved 1114112K
  class space    used 7356K, committed 8000K, reserved 1048576K
}
Event: 38.014 GC heap after
{Heap after GC invocations=196 (full 3):
 PSYoungGen      total 3072K, used 1069K [0x00000000d5580000, 0x00000000d5a00000, 0x0000000100000000)
  eden space 1536K, 0% used [0x00000000d5580000,0x00000000d5580000,0x00000000d5700000)
  from space 1536K, 69% used [0x00000000d5700000,0x00000000d580b438,0x00000000d5880000)
  to   space 1536K, 0% used [0x00000000d5880000,0x00000000d5880000,0x00000000d5a00000)
 ParOldGen       total 231936K, used 231804K [0x0000000080000000, 0x000000008e280000, 0x00000000d5580000)
  object space 231936K, 99% used [0x0000000080000000,0x000000008e25f1f8,0x000000008e280000)
 Metaspace       used 69757K, committed 71232K, reserved 1114112K
  class space    used 7356K, committed 8000K, reserved 1048576K
}
Event: 38.022 GC heap before
{Heap before GC invocations=197 (full 3):
 PSYoungGen      total 3072K, used 2605K [0x00000000d5580000, 0x00000000d5a00000, 0x0000000100000000)
  eden space 1536K, 99% used [0x00000000d5580000,0x00000000d56fffe8,0x00000000d5700000)
  from space 1536K, 69% used [0x00000000d5700000,0x00000000d580b438,0x00000000d5880000)
  to   space 1536K, 0% used [0x00000000d5880000,0x00000000d5880000,0x00000000d5a00000)
 ParOldGen       total 231936K, used 231804K [0x0000000080000000, 0x000000008e280000, 0x00000000d5580000)
  object space 231936K, 99% used [0x0000000080000000,0x000000008e25f1f8,0x000000008e280000)
 Metaspace       used 69760K, committed 71232K, reserved 1114112K
  class space    used 7356K, committed 8000K, reserved 1048576K
}
Event: 38.025 GC heap after
{Heap after GC invocations=197 (full 3):
 PSYoungGen      total 2560K, used 1510K [0x00000000d5580000, 0x00000000d5b00000, 0x0000000100000000)
  eden space 1024K, 0% used [0x00000000d5580000,0x00000000d5580000,0x00000000d5680000)
  from space 1536K, 98% used [0x00000000d5880000,0x00000000d59f9898,0x00000000d5a00000)
  to   space 2048K, 0% used [0x00000000d5680000,0x00000000d5680000,0x00000000d5880000)
 ParOldGen       total 232960K, used 232787K [0x0000000080000000, 0x000000008e380000, 0x00000000d5580000)
  object space 232960K, 99% used [0x0000000080000000,0x000000008e354f68,0x000000008e380000)
 Metaspace       used 69760K, committed 71232K, reserved 1114112K
  class space    used 7356K, committed 8000K, reserved 1048576K
}
Event: 38.056 GC heap before
{Heap before GC invocations=198 (full 3):
 PSYoungGen      total 2560K, used 2534K [0x00000000d5580000, 0x00000000d5b00000, 0x0000000100000000)
  eden space 1024K, 100% used [0x00000000d5580000,0x00000000d5680000,0x00000000d5680000)
  from space 1536K, 98% used [0x00000000d5880000,0x00000000d59f9898,0x00000000d5a00000)
  to   space 2048K, 0% used [0x00000000d5680000,0x00000000d5680000,0x00000000d5880000)
 ParOldGen       total 232960K, used 232787K [0x0000000080000000, 0x000000008e380000, 0x00000000d5580000)
  object space 232960K, 99% used [0x0000000080000000,0x000000008e354f68,0x000000008e380000)
 Metaspace       used 69765K, committed 71232K, reserved 1114112K
  class space    used 7356K, committed 8000K, reserved 1048576K
}
Event: 38.060 GC heap after
{Heap after GC invocations=198 (full 3):
 PSYoungGen      total 1536K, used 448K [0x00000000d5580000, 0x00000000d5900000, 0x0000000100000000)
  eden space 1024K, 0% used [0x00000000d5580000,0x00000000d5580000,0x00000000d5680000)
  from space 512K, 87% used [0x00000000d5680000,0x00000000d56f0000,0x00000000d5700000)
  to   space 1024K, 0% used [0x00000000d5800000,0x00000000d5800000,0x00000000d5900000)
 ParOldGen       total 234496K, used 234182K [0x0000000080000000, 0x000000008e500000, 0x00000000d5580000)
  object space 234496K, 99% used [0x0000000080000000,0x000000008e4b19a8,0x000000008e500000)
 Metaspace       used 69765K, committed 71232K, reserved 1114112K
  class space    used 7356K, committed 8000K, reserved 1048576K
}
Event: 38.085 GC heap before
{Heap before GC invocations=199 (full 3):
 PSYoungGen      total 1536K, used 1471K [0x00000000d5580000, 0x00000000d5900000, 0x0000000100000000)
  eden space 1024K, 99% used [0x00000000d5580000,0x00000000d567fff8,0x00000000d5680000)
  from space 512K, 87% used [0x00000000d5680000,0x00000000d56f0000,0x00000000d5700000)
  to   space 1024K, 0% used [0x00000000d5800000,0x00000000d5800000,0x00000000d5900000)
 ParOldGen       total 234496K, used 234182K [0x0000000080000000, 0x000000008e500000, 0x00000000d5580000)
  object space 234496K, 99% used [0x0000000080000000,0x000000008e4b19a8,0x000000008e500000)
 Metaspace       used 69766K, committed 71232K, reserved 1114112K
  class space    used 7356K, committed 8000K, reserved 1048576K
}
Event: 38.087 GC heap after
{Heap after GC invocations=199 (full 3):
 PSYoungGen      total 1536K, used 320K [0x00000000d5580000, 0x00000000d5880000, 0x0000000100000000)
  eden space 1024K, 0% used [0x00000000d5580000,0x00000000d5580000,0x00000000d5680000)
  from space 512K, 62% used [0x00000000d5800000,0x00000000d5850000,0x00000000d5880000)
  to   space 512K, 0% used [0x00000000d5680000,0x00000000d5680000,0x00000000d5700000)
 ParOldGen       total 235008K, used 234542K [0x0000000080000000, 0x000000008e580000, 0x00000000d5580000)
  object space 235008K, 99% used [0x0000000080000000,0x000000008e50b9a8,0x000000008e580000)
 Metaspace       used 69766K, committed 71232K, reserved 1114112K
  class space    used 7356K, committed 8000K, reserved 1048576K
}
Event: 38.118 GC heap before
{Heap before GC invocations=200 (full 3):
 PSYoungGen      total 1536K, used 1343K [0x00000000d5580000, 0x00000000d5880000, 0x0000000100000000)
  eden space 1024K, 99% used [0x00000000d5580000,0x00000000d567ffd0,0x00000000d5680000)
  from space 512K, 62% used [0x00000000d5800000,0x00000000d5850000,0x00000000d5880000)
  to   space 512K, 0% used [0x00000000d5680000,0x00000000d5680000,0x00000000d5700000)
 ParOldGen       total 235008K, used 234542K [0x0000000080000000, 0x000000008e580000, 0x00000000d5580000)
  object space 235008K, 99% used [0x0000000080000000,0x000000008e50b9a8,0x000000008e580000)
 Metaspace       used 69773K, committed 71296K, reserved 1114112K
  class space    used 7356K, committed 8000K, reserved 1048576K
}
Event: 38.121 GC heap after
{Heap after GC invocations=200 (full 3):
 PSYoungGen      total 1536K, used 384K [0x00000000d5580000, 0x00000000d5880000, 0x0000000100000000)
  eden space 1024K, 0% used [0x00000000d5580000,0x00000000d5580000,0x00000000d5680000)
  from space 512K, 75% used [0x00000000d5680000,0x00000000d56e0000,0x00000000d5700000)
  to   space 512K, 0% used [0x00000000d5800000,0x00000000d5800000,0x00000000d5880000)
 ParOldGen       total 235008K, used 234710K [0x0000000080000000, 0x000000008e580000, 0x00000000d5580000)
  object space 235008K, 99% used [0x0000000080000000,0x000000008e5359a8,0x000000008e580000)
 Metaspace       used 69773K, committed 71296K, reserved 1114112K
  class space    used 7356K, committed 8000K, reserved 1048576K
}
Event: 38.170 GC heap before
{Heap before GC invocations=201 (full 3):
 PSYoungGen      total 1536K, used 1408K [0x00000000d5580000, 0x00000000d5880000, 0x0000000100000000)
  eden space 1024K, 100% used [0x00000000d5580000,0x00000000d5680000,0x00000000d5680000)
  from space 512K, 75% used [0x00000000d5680000,0x00000000d56e0000,0x00000000d5700000)
  to   space 512K, 0% used [0x00000000d5800000,0x00000000d5800000,0x00000000d5880000)
 ParOldGen       total 235008K, used 234710K [0x0000000080000000, 0x000000008e580000, 0x00000000d5580000)
  object space 235008K, 99% used [0x0000000080000000,0x000000008e5359a8,0x000000008e580000)
 Metaspace       used 69804K, committed 71296K, reserved 1114112K
  class space    used 7358K, committed 8000K, reserved 1048576K
}
Event: 38.172 GC heap after
{Heap after GC invocations=201 (full 3):
 PSYoungGen      total 1536K, used 416K [0x00000000d5580000, 0x00000000d5880000, 0x0000000100000000)
  eden space 1024K, 0% used [0x00000000d5580000,0x00000000d5580000,0x00000000d5680000)
  from space 512K, 81% used [0x00000000d5800000,0x00000000d5868000,0x00000000d5880000)
  to   space 512K, 0% used [0x00000000d5680000,0x00000000d5680000,0x00000000d5700000)
 ParOldGen       total 235008K, used 234990K [0x0000000080000000, 0x000000008e580000, 0x00000000d5580000)
  object space 235008K, 99% used [0x0000000080000000,0x000000008e57b9a8,0x000000008e580000)
 Metaspace       used 69804K, committed 71296K, reserved 1114112K
  class space    used 7358K, committed 8000K, reserved 1048576K
}
Event: 38.210 GC heap before
{Heap before GC invocations=202 (full 3):
 PSYoungGen      total 1536K, used 1438K [0x00000000d5580000, 0x00000000d5880000, 0x0000000100000000)
  eden space 1024K, 99% used [0x00000000d5580000,0x00000000d567fa68,0x00000000d5680000)
  from space 512K, 81% used [0x00000000d5800000,0x00000000d5868000,0x00000000d5880000)
  to   space 512K, 0% used [0x00000000d5680000,0x00000000d5680000,0x00000000d5700000)
 ParOldGen       total 254976K, used 254190K [0x0000000080000000, 0x000000008f900000, 0x00000000d5580000)
  object space 254976K, 99% used [0x0000000080000000,0x000000008f83b9c8,0x000000008f900000)
 Metaspace       used 69881K, committed 71424K, reserved 1114112K
  class space    used 7376K, committed 8064K, reserved 1048576K
}
Event: 38.212 GC heap after
{Heap after GC invocations=202 (full 3):
 PSYoungGen      total 1536K, used 192K [0x00000000d5580000, 0x00000000d5880000, 0x0000000100000000)
  eden space 1024K, 0% used [0x00000000d5580000,0x00000000d5580000,0x00000000d5680000)
  from space 512K, 37% used [0x00000000d5680000,0x00000000d56b0000,0x00000000d5700000)
  to   space 512K, 0% used [0x00000000d5800000,0x00000000d5800000,0x00000000d5880000)
 ParOldGen       total 254976K, used 254474K [0x0000000080000000, 0x000000008f900000, 0x00000000d5580000)
  object space 254976K, 99% used [0x0000000080000000,0x000000008f8829d8,0x000000008f900000)
 Metaspace       used 69881K, committed 71424K, reserved 1114112K
  class space    used 7376K, committed 8064K, reserved 1048576K
}

